Replace Part C? CL21B334KBFVPNE in C:\Users\Jerry Liu\Desktop\Solar\Voltage Sense Board\Voltage Sense Board.SchDoc with CL21B334KBFVPNE from V_Sense_Schlib.SchLib
Replace Part C? CL21B334KBFVPNE in C:\Users\Jerry Liu\Desktop\Solar\Voltage Sense Board\Voltage Sense Board.SchDoc with CL21B334KBFVPNE from V_Sense_Schlib.SchLib
Replace Part J? 0393800102 in C:\Users\Jerry Liu\Desktop\Solar\Voltage Sense Board\Voltage Sense Board.SchDoc with 0393800102 from V_Sense_Schlib.SchLib
Replace Part J? 0393800102 in C:\Users\Jerry Liu\Desktop\Solar\Voltage Sense Board\Voltage Sense Board.SchDoc with 0393800102 from V_Sense_Schlib.SchLib
Replace Part J? 0393800102 in C:\Users\Jerry Liu\Desktop\Solar\Voltage Sense Board\Voltage Sense Board.SchDoc with 0393800102 from V_Sense_Schlib.SchLib
Replace Part R? TNPW080520K0BEEA in C:\Users\Jerry Liu\Desktop\Solar\Voltage Sense Board\Voltage Sense Board.SchDoc with TNPW080520K0BEEA from V_Sense_Schlib.SchLib
Replace Part R? TNPW080520K0BEEA in C:\Users\Jerry Liu\Desktop\Solar\Voltage Sense Board\Voltage Sense Board.SchDoc with TNPW080520K0BEEA from V_Sense_Schlib.SchLib
Replace Part R? 1-2176092-8 in C:\Users\Jerry Liu\Desktop\Solar\Voltage Sense Board\Voltage Sense Board.SchDoc with 1-2176092-8 from V_Sense_Schlib.SchLib
Replace Part R? 1-2176092-8 in C:\Users\Jerry Liu\Desktop\Solar\Voltage Sense Board\Voltage Sense Board.SchDoc with 1-2176092-8 from V_Sense_Schlib.SchLib
Replace Part R? ESR10EZPF3001 in C:\Users\Jerry Liu\Desktop\Solar\Voltage Sense Board\Voltage Sense Board.SchDoc with ESR10EZPF3001 from V_Sense_Schlib.SchLib
Replace Part R? ESR10EZPF3001 in C:\Users\Jerry Liu\Desktop\Solar\Voltage Sense Board\Voltage Sense Board.SchDoc with ESR10EZPF3001 from V_Sense_Schlib.SchLib
Replace Part R? ESR10EZPF3001 in C:\Users\Jerry Liu\Desktop\Solar\Voltage Sense Board\Voltage Sense Board.SchDoc with ESR10EZPF3001 from V_Sense_Schlib.SchLib
Replace Part R? ESR10EZPF3001 in C:\Users\Jerry Liu\Desktop\Solar\Voltage Sense Board\Voltage Sense Board.SchDoc with ESR10EZPF3001 from V_Sense_Schlib.SchLib
Replace Part R? ESR10EZPF3001 in C:\Users\Jerry Liu\Desktop\Solar\Voltage Sense Board\Voltage Sense Board.SchDoc with ESR10EZPF3001 from V_Sense_Schlib.SchLib
Replace Part R? ESR10EZPF3001 in C:\Users\Jerry Liu\Desktop\Solar\Voltage Sense Board\Voltage Sense Board.SchDoc with ESR10EZPF3001 from V_Sense_Schlib.SchLib
Replace Part R? ESR10EZPF3001 in C:\Users\Jerry Liu\Desktop\Solar\Voltage Sense Board\Voltage Sense Board.SchDoc with ESR10EZPF3001 from V_Sense_Schlib.SchLib
Replace Part R? ESR10EZPF3001 in C:\Users\Jerry Liu\Desktop\Solar\Voltage Sense Board\Voltage Sense Board.SchDoc with ESR10EZPF3001 from V_Sense_Schlib.SchLib
Replace Part R? ESR10EZPF3001 in C:\Users\Jerry Liu\Desktop\Solar\Voltage Sense Board\Voltage Sense Board.SchDoc with ESR10EZPF3001 from V_Sense_Schlib.SchLib
Replace Part R? ESR10EZPF3001 in C:\Users\Jerry Liu\Desktop\Solar\Voltage Sense Board\Voltage Sense Board.SchDoc with ESR10EZPF3001 from V_Sense_Schlib.SchLib
Replace Part R? ESR10EZPF3001 in C:\Users\Jerry Liu\Desktop\Solar\Voltage Sense Board\Voltage Sense Board.SchDoc with ESR10EZPF3001 from V_Sense_Schlib.SchLib
Replace Part R? ESR10EZPF3001 in C:\Users\Jerry Liu\Desktop\Solar\Voltage Sense Board\Voltage Sense Board.SchDoc with ESR10EZPF3001 from V_Sense_Schlib.SchLib
Replace Part R? ESR10EZPF3001 in C:\Users\Jerry Liu\Desktop\Solar\Voltage Sense Board\Voltage Sense Board.SchDoc with ESR10EZPF3001 from V_Sense_Schlib.SchLib
Replace Part R? ESR10EZPF3001 in C:\Users\Jerry Liu\Desktop\Solar\Voltage Sense Board\Voltage Sense Board.SchDoc with ESR10EZPF3001 from V_Sense_Schlib.SchLib
Replace Part R? ESR10EZPF3001 in C:\Users\Jerry Liu\Desktop\Solar\Voltage Sense Board\Voltage Sense Board.SchDoc with ESR10EZPF3001 from V_Sense_Schlib.SchLib
Replace Part R? ESR10EZPF3001 in C:\Users\Jerry Liu\Desktop\Solar\Voltage Sense Board\Voltage Sense Board.SchDoc with ESR10EZPF3001 from V_Sense_Schlib.SchLib
Replace Part R? ESR10EZPF3001 in C:\Users\Jerry Liu\Desktop\Solar\Voltage Sense Board\Voltage Sense Board.SchDoc with ESR10EZPF3001 from V_Sense_Schlib.SchLib
Replace Part R? ESR10EZPF3001 in C:\Users\Jerry Liu\Desktop\Solar\Voltage Sense Board\Voltage Sense Board.SchDoc with ESR10EZPF3001 from V_Sense_Schlib.SchLib
Replace Part U? LT1677IS8#TRPBF in C:\Users\Jerry Liu\Desktop\Solar\Voltage Sense Board\Voltage Sense Board.SchDoc with LT1677IS8#TRPBF from V_Sense_Schlib.SchLib
