Removed Pin From Net: NetName=GND Pin=J11-1
Removed Pin From Net: NetName=12V Pin=J11-2
Removed Pin From Net: NetName=Temp_Sense_11 Pin=J11-3
Removed Pin From Net: NetName=Temp_Sense_10 Pin=J11-4
Removed Pin From Net: NetName=Temp_Sense_9 Pin=J11-5
Removed Pin From Net: NetName=Temp_Sense_8 Pin=J11-6
Removed Pin From Net: NetName=Temp_Sense_6 Pin=J11-8
Removed Pin From Net: NetName=Temp_Sense_5 Pin=J11-9
Removed Pin From Net: NetName=Temp_Sense_4 Pin=J11-10
Removed Pin From Net: NetName=Temp_Sense_3 Pin=J11-11
Removed Pin From Net: NetName=Temp_Sense_2 Pin=J11-12
Removed Pin From Net: NetName=Temp_Sense_1 Pin=J11-13
Added Pin To Net: NetName=Temp_Sense_1 Pin=J11-1
Added Pin To Net: NetName=Temp_Sense_2 Pin=J11-2
Added Pin To Net: NetName=Temp_Sense_3 Pin=J11-3
Added Pin To Net: NetName=Temp_Sense_4 Pin=J11-4
Added Pin To Net: NetName=Temp_Sense_5 Pin=J11-5
Added Pin To Net: NetName=Temp_Sense_6 Pin=J11-6
Added Pin To Net: NetName=Temp_Sense_8 Pin=J11-8
Added Pin To Net: NetName=Temp_Sense_9 Pin=J11-9
Added Pin To Net: NetName=Temp_Sense_10 Pin=J11-10
Added Pin To Net: NetName=Temp_Sense_11 Pin=J11-11
Added Pin To Net: NetName=GND Pin=J11-12
Added Pin To Net: NetName=12V Pin=J11-14
