Replace Part C1 CL21B103KBANNNC in C:\Users\Jerry Liu\Desktop\MPPT\ASB.SchDoc with CL21B103KBANNNC from ASB.SchLib
Replace Part C2 CL21B103KBANNNC in C:\Users\Jerry Liu\Desktop\MPPT\ASB.SchDoc with CL21B103KBANNNC from ASB.SchLib
Replace Part C3 CL21B103KBANNNC in C:\Users\Jerry Liu\Desktop\MPPT\ASB.SchDoc with CL21B103KBANNNC from ASB.SchLib
Replace Part C4 CL21B104KBCWPNC in C:\Users\Jerry Liu\Desktop\MPPT\ASB.SchDoc with CL21B104KBCWPNC from ASB.SchLib
Replace Part C5 CL21B105KAFNNNE in C:\Users\Jerry Liu\Desktop\MPPT\ASB.SchDoc with CL21B105KAFNNNE from ASB.SchLib
Replace Part C6 C0805C102J5HACAUTO in C:\Users\Jerry Liu\Desktop\MPPT\ASB.SchDoc with C0805C102J5HACAUTO from ASB.SchLib
Replace Part C7 C0805C102J5HACAUTO in C:\Users\Jerry Liu\Desktop\MPPT\ASB.SchDoc with C0805C102J5HACAUTO from ASB.SchLib
Replace Part C8 C0805C102J5HACAUTO in C:\Users\Jerry Liu\Desktop\MPPT\ASB.SchDoc with C0805C102J5HACAUTO from ASB.SchLib
Replace Part C9 C0805C102J5HACAUTO in C:\Users\Jerry Liu\Desktop\MPPT\ASB.SchDoc with C0805C102J5HACAUTO from ASB.SchLib
Replace Part C10 C0805C102J5HACAUTO in C:\Users\Jerry Liu\Desktop\MPPT\ASB.SchDoc with C0805C102J5HACAUTO from ASB.SchLib
Replace Part C11 C0805C102J5HACAUTO in C:\Users\Jerry Liu\Desktop\MPPT\ASB.SchDoc with C0805C102J5HACAUTO from ASB.SchLib
Replace Part C12 C0805C102J5HACAUTO in C:\Users\Jerry Liu\Desktop\MPPT\ASB.SchDoc with C0805C102J5HACAUTO from ASB.SchLib
Replace Part C13 C0805C102J5HACAUTO in C:\Users\Jerry Liu\Desktop\MPPT\ASB.SchDoc with C0805C102J5HACAUTO from ASB.SchLib
Replace Part C14 C0805C102J5HACAUTO in C:\Users\Jerry Liu\Desktop\MPPT\ASB.SchDoc with C0805C102J5HACAUTO from ASB.SchLib
Replace Part C15 C0805C102J5HACAUTO in C:\Users\Jerry Liu\Desktop\MPPT\ASB.SchDoc with C0805C102J5HACAUTO from ASB.SchLib
Replace Part C16 C0805C102J5HACAUTO in C:\Users\Jerry Liu\Desktop\MPPT\ASB.SchDoc with C0805C102J5HACAUTO from ASB.SchLib
Replace Part C23 CL21B104KBCWPNC in C:\Users\Jerry Liu\Desktop\MPPT\ASB.SchDoc with CL21B104KBCWPNC from ASB.SchLib
Replace Part C24 CL21B104KBCWPNC in C:\Users\Jerry Liu\Desktop\MPPT\ASB.SchDoc with CL21B104KBCWPNC from ASB.SchLib
Replace Part C25 CL21B104KBCWPNC in C:\Users\Jerry Liu\Desktop\MPPT\ASB.SchDoc with CL21B104KBCWPNC from ASB.SchLib
Replace Part D1 SD12T1G in C:\Users\Jerry Liu\Desktop\MPPT\ASB.SchDoc with SD12T1G from ASB.SchLib
Replace Part D2 CDSOD323-T03S in C:\Users\Jerry Liu\Desktop\MPPT\ASB.SchDoc with CDSOD323-T03S from ASB.SchLib
Replace Part D3 SD05T1G in C:\Users\Jerry Liu\Desktop\MPPT\ASB.SchDoc with SD05T1G from ASB.SchLib
Replace Part D4 SML-LXT0805GW-TR in C:\Users\Jerry Liu\Desktop\MPPT\ASB.SchDoc with SML-LXT0805GW-TR from ASB.SchLib
Replace Part D5 SML-LXT0805YW-TR in C:\Users\Jerry Liu\Desktop\MPPT\ASB.SchDoc with SML-LXT0805YW-TR from ASB.SchLib
Replace Part D6 SML-LXT0805SRW-TR in C:\Users\Jerry Liu\Desktop\MPPT\ASB.SchDoc with SML-LXT0805SRW-TR from ASB.SchLib
Replace Part D7 CGRKM4001-HF in C:\Users\Jerry Liu\Desktop\MPPT\ASB.SchDoc with CGRKM4001-HF from ASB.SchLib
Replace Part D8 CGRKM4001-HF in C:\Users\Jerry Liu\Desktop\MPPT\ASB.SchDoc with CGRKM4001-HF from ASB.SchLib
Replace Part D9 CGRKM4001-HF in C:\Users\Jerry Liu\Desktop\MPPT\ASB.SchDoc with CGRKM4001-HF from ASB.SchLib
Replace Part F1 0031.7701.11 in C:\Users\Jerry Liu\Desktop\MPPT\ASB.SchDoc with 0031.7701.11 from ASB.SchLib
Replace Part F2 0031.7701.11 in C:\Users\Jerry Liu\Desktop\MPPT\ASB.SchDoc with 0031.7701.11 from ASB.SchLib
Replace Part J1 70553-0001 in C:\Users\Jerry Liu\Desktop\MPPT\ASB.SchDoc with 70553-0001 from ASB.SchLib
Replace Part J2 0901200763 in C:\Users\Jerry Liu\Desktop\MPPT\ASB.SchDoc with 0901200763 from ASB.SchLib
Replace Part J3 0901200763 in C:\Users\Jerry Liu\Desktop\MPPT\ASB.SchDoc with 0901200763 from ASB.SchLib
Replace Part J4 5747840-6 in C:\Users\Jerry Liu\Desktop\MPPT\ASB.SchDoc with 5747840-6 from ASB.SchLib
Replace Part J5 0901200762 in C:\Users\Jerry Liu\Desktop\MPPT\ASB.SchDoc with 0901200762 from ASB.SchLib
Replace Part J6 0901200763 in C:\Users\Jerry Liu\Desktop\MPPT\ASB.SchDoc with 0901200763 from ASB.SchLib
Replace Part J7 ESQ-119-24-T-D_L in C:\Users\Jerry Liu\Desktop\MPPT\ASB.SchDoc with ESQ-119-24-T-D_L from ASB.SchLib
Replace Part J8 ESQ-119-24-T-D_R in C:\Users\Jerry Liu\Desktop\MPPT\ASB.SchDoc with ESQ-119-24-T-D_R from ASB.SchLib
Replace Part J9 1053141208 in C:\Users\Jerry Liu\Desktop\MPPT\ASB.SchDoc with 1053141208 from ASB.SchLib
Replace Part J10 1053141208 in C:\Users\Jerry Liu\Desktop\MPPT\ASB.SchDoc with 1053141208 from ASB.SchLib
Replace Part J11 1053141214 in C:\Users\Jerry Liu\Desktop\MPPT\ASB.SchDoc with 1053141214 from ASB.SchLib
Replace Part J12 1053141206 in C:\Users\Jerry Liu\Desktop\MPPT\ASB.SchDoc with 1053141206 from ASB.SchLib
Replace Part Q1 DMG6968U-7 in C:\Users\Jerry Liu\Desktop\MPPT\ASB.SchDoc with DMG6968U-7 from ASB.SchLib
Replace Part Q2 DMG6968U-7 in C:\Users\Jerry Liu\Desktop\MPPT\ASB.SchDoc with DMG6968U-7 from ASB.SchLib
Replace Part Q3 DMG6968U-7 in C:\Users\Jerry Liu\Desktop\MPPT\ASB.SchDoc with DMG6968U-7 from ASB.SchLib
Replace Part R1 ERJ6ENF1001V in C:\Users\Jerry Liu\Desktop\MPPT\ASB.SchDoc with ERJ6ENF1001V from ASB.SchLib
Replace Part R2 ERJ6ENF1500V in C:\Users\Jerry Liu\Desktop\MPPT\ASB.SchDoc with ERJ6ENF1500V from ASB.SchLib
Replace Part R3 ERJ6ENF1500V in C:\Users\Jerry Liu\Desktop\MPPT\ASB.SchDoc with ERJ6ENF1500V from ASB.SchLib
Replace Part R4 ERJ6ENF1500V in C:\Users\Jerry Liu\Desktop\MPPT\ASB.SchDoc with ERJ6ENF1500V from ASB.SchLib
Replace Part R5 ERJ6ENF2002V in C:\Users\Jerry Liu\Desktop\MPPT\ASB.SchDoc with ERJ6ENF2002V from ASB.SchLib
Replace Part R6 ERJ6ENF2002V in C:\Users\Jerry Liu\Desktop\MPPT\ASB.SchDoc with ERJ6ENF2002V from ASB.SchLib
Replace Part R7 ERJ6ENF2002V in C:\Users\Jerry Liu\Desktop\MPPT\ASB.SchDoc with ERJ6ENF2002V from ASB.SchLib
Replace Part R20 ERJ6ENF1200V in C:\Users\Jerry Liu\Desktop\MPPT\ASB.SchDoc with ERJ6ENF1200V from ASB.SchLib
Replace Part R21 ERJ6ENF1001V in C:\Users\Jerry Liu\Desktop\MPPT\ASB.SchDoc with ERJ6ENF1001V from ASB.SchLib
Replace Part R22 ERJ6ENF1001V in C:\Users\Jerry Liu\Desktop\MPPT\ASB.SchDoc with ERJ6ENF1001V from ASB.SchLib
Replace Part R23 ERJ6ENF1001V in C:\Users\Jerry Liu\Desktop\MPPT\ASB.SchDoc with ERJ6ENF1001V from ASB.SchLib
Replace Part R24 ERJ6ENF1500V in C:\Users\Jerry Liu\Desktop\MPPT\ASB.SchDoc with ERJ6ENF1500V from ASB.SchLib
Replace Part R25 ERJ6ENF1500V in C:\Users\Jerry Liu\Desktop\MPPT\ASB.SchDoc with ERJ6ENF1500V from ASB.SchLib
Replace Part R26 ERJ6ENF1500V in C:\Users\Jerry Liu\Desktop\MPPT\ASB.SchDoc with ERJ6ENF1500V from ASB.SchLib
Replace Part TP4 5019 in C:\Users\Jerry Liu\Desktop\MPPT\ASB.SchDoc with 5019 from ASB.SchLib
Replace Part TP5 5019 in C:\Users\Jerry Liu\Desktop\MPPT\ASB.SchDoc with 5019 from ASB.SchLib
Replace Part TP6 5019 in C:\Users\Jerry Liu\Desktop\MPPT\ASB.SchDoc with 5019 from ASB.SchLib
Replace Part TP7 5019 in C:\Users\Jerry Liu\Desktop\MPPT\ASB.SchDoc with 5019 from ASB.SchLib
Replace Part U1 MCP2551-E/SN in C:\Users\Jerry Liu\Desktop\MPPT\ASB.SchDoc with MCP2551-E/SN from ASB.SchLib
Replace Part U2 TLV2556IDW in C:\Users\Jerry Liu\Desktop\MPPT\ASB.SchDoc with TLV2556IDW from ASB.SchLib
