Replace Part C17 CL21B334KBFVPNE in C:\Users\steph\Documents\GitHub\MPPT\Voltage Sense Unit\Voltage Sense Unit.SchDoc with CL21B334KBFVPNE from ASB.SchLib
Replace Part C18 CL21B334KBFVPNE in C:\Users\steph\Documents\GitHub\MPPT\Voltage Sense Unit\Voltage Sense Unit.SchDoc with CL21B334KBFVPNE from ASB.SchLib
Replace Part C19 CL21B104KBCWPNC in C:\Users\steph\Documents\GitHub\MPPT\Voltage Sense Unit\Voltage Sense Unit.SchDoc with CL21B104KBCWPNC from ASB.SchLib
Replace Part C20 CL21B104KBCWPNC in C:\Users\steph\Documents\GitHub\MPPT\Voltage Sense Unit\Voltage Sense Unit.SchDoc with CL21B104KBCWPNC from ASB.SchLib
Replace Part C21 CL21B334KBFVPNE in C:\Users\steph\Documents\GitHub\MPPT\Voltage Sense Unit\Voltage Sense Unit.SchDoc with CL21B334KBFVPNE from ASB.SchLib
Replace Part C22 CL21B334KBFVPNE in C:\Users\steph\Documents\GitHub\MPPT\Voltage Sense Unit\Voltage Sense Unit.SchDoc with CL21B334KBFVPNE from ASB.SchLib
Replace Part J13 43650-0205 in C:\Users\steph\Documents\GitHub\MPPT\Voltage Sense Unit\Voltage Sense Unit.SchDoc with 43650-0205 from ASB.SchLib
Replace Part R8 ERJ6ENF3001V in C:\Users\steph\Documents\GitHub\MPPT\Voltage Sense Unit\Voltage Sense Unit.SchDoc with ERJ6ENF3001V from ASB.SchLib
Replace Part R9 ERJ6ENF3001V in C:\Users\steph\Documents\GitHub\MPPT\Voltage Sense Unit\Voltage Sense Unit.SchDoc with ERJ6ENF3001V from ASB.SchLib
Replace Part R10 ERJ6ENF3001V in C:\Users\steph\Documents\GitHub\MPPT\Voltage Sense Unit\Voltage Sense Unit.SchDoc with ERJ6ENF3001V from ASB.SchLib
Replace Part R11 ERJ6ENF2002V in C:\Users\steph\Documents\GitHub\MPPT\Voltage Sense Unit\Voltage Sense Unit.SchDoc with ERJ6ENF2002V from ASB.SchLib
Replace Part R12 ERJ6ENF6201V in C:\Users\steph\Documents\GitHub\MPPT\Voltage Sense Unit\Voltage Sense Unit.SchDoc with ERJ6ENF6201V from ASB.SchLib
Replace Part R13 ERJ6ENF1001V in C:\Users\steph\Documents\GitHub\MPPT\Voltage Sense Unit\Voltage Sense Unit.SchDoc with ERJ6ENF1001V from ASB.SchLib
Replace Part R14 ERJ6ENF3001V in C:\Users\steph\Documents\GitHub\MPPT\Voltage Sense Unit\Voltage Sense Unit.SchDoc with ERJ6ENF3001V from ASB.SchLib
Replace Part R15 ERJ6ENF3001V in C:\Users\steph\Documents\GitHub\MPPT\Voltage Sense Unit\Voltage Sense Unit.SchDoc with ERJ6ENF3001V from ASB.SchLib
Replace Part R16 ERJ6ENF3001V in C:\Users\steph\Documents\GitHub\MPPT\Voltage Sense Unit\Voltage Sense Unit.SchDoc with ERJ6ENF3001V from ASB.SchLib
Replace Part R17 ERJ6ENF2002V in C:\Users\steph\Documents\GitHub\MPPT\Voltage Sense Unit\Voltage Sense Unit.SchDoc with ERJ6ENF2002V from ASB.SchLib
Replace Part R18 ERJ6ENF6201V in C:\Users\steph\Documents\GitHub\MPPT\Voltage Sense Unit\Voltage Sense Unit.SchDoc with ERJ6ENF6201V from ASB.SchLib
Replace Part R19 ERJ6ENF1001V in C:\Users\steph\Documents\GitHub\MPPT\Voltage Sense Unit\Voltage Sense Unit.SchDoc with ERJ6ENF1001V from ASB.SchLib
Replace Part TP1 5019 in C:\Users\steph\Documents\GitHub\MPPT\Voltage Sense Unit\Voltage Sense Unit.SchDoc with 5019 from ASB.SchLib
Replace Part TP2 5019 in C:\Users\steph\Documents\GitHub\MPPT\Voltage Sense Unit\Voltage Sense Unit.SchDoc with 5019 from ASB.SchLib
Replace Part TP3 5019 in C:\Users\steph\Documents\GitHub\MPPT\Voltage Sense Unit\Voltage Sense Unit.SchDoc with 5019 from ASB.SchLib
Replace Part U3 LT1677IS8#TRPBF in C:\Users\steph\Documents\GitHub\MPPT\Voltage Sense Unit\Voltage Sense Unit.SchDoc with LT1677IS8#TRPBF from ASB.SchLib
