Replace Part C? CL21B334KBFVPNE in C:\Users\Jerry Liu\Desktop\MPPT\Voltage Sense Unit\Voltage Sense Unit.SchDoc with CL21B334KBFVPNE from ASB.SchLib
Replace Part C? CL21B104KBCWPNC in C:\Users\Jerry Liu\Desktop\MPPT\Voltage Sense Unit\Voltage Sense Unit.SchDoc with CL21B104KBCWPNC from ASB.SchLib
Replace Part C? CL21B104KBCWPNC in C:\Users\Jerry Liu\Desktop\MPPT\Voltage Sense Unit\Voltage Sense Unit.SchDoc with CL21B104KBCWPNC from ASB.SchLib
Replace Part C? CL21B334KBFVPNE in C:\Users\Jerry Liu\Desktop\MPPT\Voltage Sense Unit\Voltage Sense Unit.SchDoc with CL21B334KBFVPNE from ASB.SchLib
Replace Part C? CL21B334KBFVPNE in C:\Users\Jerry Liu\Desktop\MPPT\Voltage Sense Unit\Voltage Sense Unit.SchDoc with CL21B334KBFVPNE from ASB.SchLib
Replace Part C? CL21B334KBFVPNE in C:\Users\Jerry Liu\Desktop\MPPT\Voltage Sense Unit\Voltage Sense Unit.SchDoc with CL21B334KBFVPNE from ASB.SchLib
Replace Part J? 43650-0205 in C:\Users\Jerry Liu\Desktop\MPPT\Voltage Sense Unit\Voltage Sense Unit.SchDoc with 43650-0205 from ASB.SchLib
Replace Part R? ERJ6ENF2002V in C:\Users\Jerry Liu\Desktop\MPPT\Voltage Sense Unit\Voltage Sense Unit.SchDoc with ERJ6ENF2002V from ASB.SchLib
Replace Part R? ERJ6ENF1001V in C:\Users\Jerry Liu\Desktop\MPPT\Voltage Sense Unit\Voltage Sense Unit.SchDoc with ERJ6ENF1001V from ASB.SchLib
Replace Part R? ERJ6ENF3001V in C:\Users\Jerry Liu\Desktop\MPPT\Voltage Sense Unit\Voltage Sense Unit.SchDoc with ERJ6ENF3001V from ASB.SchLib
Replace Part R? ERJ6ENF3001V in C:\Users\Jerry Liu\Desktop\MPPT\Voltage Sense Unit\Voltage Sense Unit.SchDoc with ERJ6ENF3001V from ASB.SchLib
Replace Part R? ERJ6ENF3001V in C:\Users\Jerry Liu\Desktop\MPPT\Voltage Sense Unit\Voltage Sense Unit.SchDoc with ERJ6ENF3001V from ASB.SchLib
Replace Part R? ERJ6ENF6201V in C:\Users\Jerry Liu\Desktop\MPPT\Voltage Sense Unit\Voltage Sense Unit.SchDoc with ERJ6ENF6201V from ASB.SchLib
Replace Part R? ERJ6ENF6201V in C:\Users\Jerry Liu\Desktop\MPPT\Voltage Sense Unit\Voltage Sense Unit.SchDoc with ERJ6ENF6201V from ASB.SchLib
Replace Part R? ERJ6ENF2002V in C:\Users\Jerry Liu\Desktop\MPPT\Voltage Sense Unit\Voltage Sense Unit.SchDoc with ERJ6ENF2002V from ASB.SchLib
Replace Part R? ERJ6ENF1001V in C:\Users\Jerry Liu\Desktop\MPPT\Voltage Sense Unit\Voltage Sense Unit.SchDoc with ERJ6ENF1001V from ASB.SchLib
Replace Part R? ERJ6ENF3001V in C:\Users\Jerry Liu\Desktop\MPPT\Voltage Sense Unit\Voltage Sense Unit.SchDoc with ERJ6ENF3001V from ASB.SchLib
Replace Part R? ERJ6ENF3001V in C:\Users\Jerry Liu\Desktop\MPPT\Voltage Sense Unit\Voltage Sense Unit.SchDoc with ERJ6ENF3001V from ASB.SchLib
Replace Part R? ERJ6ENF3001V in C:\Users\Jerry Liu\Desktop\MPPT\Voltage Sense Unit\Voltage Sense Unit.SchDoc with ERJ6ENF3001V from ASB.SchLib
Replace Part TP? 5019 in C:\Users\Jerry Liu\Desktop\MPPT\Voltage Sense Unit\Voltage Sense Unit.SchDoc with 5019 from ASB.SchLib
Replace Part TP? 5019 in C:\Users\Jerry Liu\Desktop\MPPT\Voltage Sense Unit\Voltage Sense Unit.SchDoc with 5019 from ASB.SchLib
Replace Part TP? 5019 in C:\Users\Jerry Liu\Desktop\MPPT\Voltage Sense Unit\Voltage Sense Unit.SchDoc with 5019 from ASB.SchLib
Replace Part U? LT1677IS8#TRPBF in C:\Users\Jerry Liu\Desktop\MPPT\Voltage Sense Unit\Voltage Sense Unit.SchDoc with LT1677IS8#TRPBF from ASB.SchLib
